1719499288515:add
1719499292253:a
1719499296302:all
1719499304173:exit
1719499592478:all
1719499599007:add
1719499609294:all
1719499615166:add
1719499617191:all
1719499629190:del 1
1719499637806:all
1719499640078:exit
1719499693145:all
1719500138814:exit
1719500301479:all
1719500305770:exit
1719500358155:all
1719500388672:add
1719500390245:all
1719500395608:del 2
1719500397032:all
1719500398741:exit
1719500735999:all
1719501004366:exit
1719501280215:all
1719501761815:exit
1719502014199:all
1719502016726:exit
1719502058950:all
1719502061708:exit
1719502115168:all
1719502679221:a
1719502681131:add
1719502686910:all
1719502696878:add --n Petr
1719502709894:clear
1719502712357:all
1719502727253:clear
1719502729790:all
1719502765997:add
1719502771246:all
1719502776238:clear
1719502780138:c
1719502782661:cl
1719502783950:clear
1719502810016:all
1719502811502:clera
1719502812924:clear
1719502835097:clearAll
1719502863087:remove
1719502864942:all
1719502872310:add
1719502874117:all
1719502879574:clear
1719502883942:remove
1719502885981:exit
